[08-Sep-2024 19:10:44 UTC] PHP Warning:  require(/var/www/mrdbid/app/Utils/DatabaseUtils.php): Failed to open stream: No such file or directory in Command line code on line 1
[08-Sep-2024 19:10:44 UTC] PHP Stack trace:
[08-Sep-2024 19:10:44 UTC] PHP   1. {main}() Command line code:0
[08-Sep-2024 19:10:44 UTC] PHP Fatal error:  Uncaught Error: Failed opening required '/var/www/mrdbid/app/Utils/DatabaseUtils.php' (include_path='.:/usr/share/php') in Command line code:1
Stack trace:
#0 {main}
  thrown in Command line code on line 1
[08-Sep-2024 19:17:45 UTC] PHP Warning:  require(/var/www/mrdbid/app/Utils/DatabaseUtils.php): Failed to open stream: No such file or directory in Command line code on line 1
[08-Sep-2024 19:17:45 UTC] PHP Stack trace:
[08-Sep-2024 19:17:45 UTC] PHP   1. {main}() Command line code:0
[08-Sep-2024 19:17:45 UTC] PHP Fatal error:  Uncaught Error: Failed opening required '/var/www/mrdbid/app/Utils/DatabaseUtils.php' (include_path='.:/usr/share/php') in Command line code:1
Stack trace:
#0 {main}
  thrown in Command line code on line 1
[08-Sep-2024 19:19:47 UTC] PHP Warning:  require(DatabaseUtils.php): Failed to open stream: No such file or directory in Command line code on line 1
[08-Sep-2024 19:19:47 UTC] PHP Stack trace:
[08-Sep-2024 19:19:47 UTC] PHP   1. {main}() Command line code:0
[08-Sep-2024 19:19:47 UTC] PHP Fatal error:  Uncaught Error: Failed opening required 'DatabaseUtils.php' (include_path='.:/usr/share/php') in Command line code:1
Stack trace:
#0 {main}
  thrown in Command line code on line 1
[08-Sep-2024 19:23:09 UTC] PHP Warning:  require(DatabaseUtils.php): Failed to open stream: No such file or directory in Command line code on line 1
[08-Sep-2024 19:23:09 UTC] PHP Stack trace:
[08-Sep-2024 19:23:09 UTC] PHP   1. {main}() Command line code:0
[08-Sep-2024 19:23:09 UTC] PHP Fatal error:  Uncaught Error: Failed opening required 'DatabaseUtils.php' (include_path='.:/usr/share/php') in Command line code:1
Stack trace:
#0 {main}
  thrown in Command line code on line 1
[08-Sep-2024 19:25:06 UTC] PHP Warning:  require(/var/www/mrdbid/app/Utils/DatabaseUtils.php): Failed to open stream: No such file or directory in Command line code on line 1
[08-Sep-2024 19:25:06 UTC] PHP Stack trace:
[08-Sep-2024 19:25:06 UTC] PHP   1. {main}() Command line code:0
[08-Sep-2024 19:25:06 UTC] PHP Fatal error:  Uncaught Error: Failed opening required '/var/www/mrdbid/app/Utils/DatabaseUtils.php' (include_path='.:/usr/share/php') in Command line code:1
Stack trace:
#0 {main}
  thrown in Command line code on line 1
[08-Sep-2024 19:26:35 UTC] PHP Warning:  require(/var/www/mrdbid/app/Utils/DatabaseUtils.php): Failed to open stream: No such file or directory in Command line code on line 1
[08-Sep-2024 19:26:35 UTC] PHP Stack trace:
[08-Sep-2024 19:26:35 UTC] PHP   1. {main}() Command line code:0
[08-Sep-2024 19:26:35 UTC] PHP Fatal error:  Uncaught Error: Failed opening required '/var/www/mrdbid/app/Utils/DatabaseUtils.php' (include_path='.:/usr/share/php') in Command line code:1
Stack trace:
#0 {main}
  thrown in Command line code on line 1
[08-Sep-2024 19:26:56 UTC] PHP Warning:  require(/var/www/mrdbid/app/Utils/DatabaseUtils.php): Failed to open stream: No such file or directory in Command line code on line 1
[08-Sep-2024 19:26:56 UTC] PHP Stack trace:
[08-Sep-2024 19:26:56 UTC] PHP   1. {main}() Command line code:0
[08-Sep-2024 19:26:56 UTC] PHP Fatal error:  Uncaught Error: Failed opening required '/var/www/mrdbid/app/Utils/DatabaseUtils.php' (include_path='.:/usr/share/php') in Command line code:1
Stack trace:
#0 {main}
  thrown in Command line code on line 1
